\BOOKMARK [1][-]{section.1}{\376\377\000I\000n\000t\000r\000o\000d\000u\000c\000t\000i\000o\000n}{}% 1
\BOOKMARK [1][-]{section.2}{\376\377\000B\000a\000s\000i\000c\000\040\000C\000o\000n\000c\000e\000p\000t\000s}{}% 2
\BOOKMARK [1][-]{section.3}{\376\377\000A\000p\000p\000l\000i\000c\000a\000t\000i\000o\000n\000s}{}% 3
\BOOKMARK [1][-]{section.4}{\376\377\000H\000i\000s\000t\000o\000r\000y}{}% 4
\BOOKMARK [1][-]{section.5}{\376\377\000G\000r\000o\000u\000p\000\040\000T\000h\000e\000o\000r\000y\000\040\000B\000a\000s\000i\000c\000s}{}% 5
\BOOKMARK [1][-]{section.6}{\376\377\000R\000i\000n\000g\000\040\000T\000h\000e\000o\000r\000y}{}% 6
\BOOKMARK [1][-]{section.7}{\376\377\000D\000i\000v\000i\000s\000i\000b\000i\000l\000i\000t\000y\000\040\000a\000n\000d\000\040\000P\000r\000i\000m\000e\000s}{}% 7
\BOOKMARK [1][-]{section.8}{\376\377\000M\000o\000d\000u\000l\000a\000r\000\040\000A\000r\000i\000t\000h\000m\000e\000t\000i\000c}{}% 8
\BOOKMARK [1][-]{section.9}{\376\377\000N\000u\000m\000b\000e\000r\000\040\000T\000h\000e\000o\000r\000y\000\040\000E\000x\000a\000m\000p\000l\000e\000s\000\040\000\050\000c\000o\000n\000t\000i\000n\000u\000e\000d\000\051}{}% 9
\BOOKMARK [2][-]{subsection.9.1}{\376\377\000F\000e\000r\000m\000a\000t\000'\000s\000\040\000L\000i\000t\000t\000l\000e\000\040\000T\000h\000e\000o\000r\000e\000m}{section.9}% 10
\BOOKMARK [2][-]{subsection.9.2}{\376\377\000E\000u\000l\000e\000r\000'\000s\000\040\000T\000o\000t\000i\000e\000n\000t\000\040\000F\000u\000n\000c\000t\000i\000o\000n}{section.9}% 11
\BOOKMARK [2][-]{subsection.9.3}{\376\377\000P\000r\000i\000m\000i\000t\000i\000v\000e\000\040\000R\000o\000o\000t\000s}{section.9}% 12
\BOOKMARK [2][-]{subsection.9.4}{\376\377\000Q\000u\000a\000d\000r\000a\000t\000i\000c\000\040\000R\000e\000s\000i\000d\000u\000e\000s}{section.9}% 13
\BOOKMARK [2][-]{subsection.9.5}{\376\377\000Q\000u\000a\000d\000r\000a\000t\000i\000c\000\040\000R\000e\000c\000i\000p\000r\000o\000c\000i\000t\000y}{section.9}% 14
\BOOKMARK [2][-]{subsection.9.6}{\376\377\000D\000i\000o\000p\000h\000a\000n\000t\000i\000n\000e\000\040\000E\000q\000u\000a\000t\000i\000o\000n\000s}{section.9}% 15
\BOOKMARK [2][-]{subsection.9.7}{\376\377\000P\000e\000l\000l\000'\000s\000\040\000E\000q\000u\000a\000t\000i\000o\000n}{section.9}% 16
\BOOKMARK [2][-]{subsection.9.8}{\376\377\000C\000o\000n\000t\000i\000n\000u\000e\000d\000\040\000F\000r\000a\000c\000t\000i\000o\000n\000s}{section.9}% 17
\BOOKMARK [2][-]{subsection.9.9}{\376\377\000F\000a\000r\000e\000y\000\040\000S\000e\000q\000u\000e\000n\000c\000e\000s}{section.9}% 18
\BOOKMARK [2][-]{subsection.9.10}{\376\377\000P\000e\000r\000f\000e\000c\000t\000\040\000N\000u\000m\000b\000e\000r\000s}{section.9}% 19
\BOOKMARK [2][-]{subsection.9.11}{\376\377\000M\000e\000r\000s\000e\000n\000n\000e\000\040\000P\000r\000i\000m\000e\000s}{section.9}% 20
\BOOKMARK [1][-]{section.10}{\376\377\000N\000u\000m\000b\000e\000r\000\040\000T\000h\000e\000o\000r\000y\000\040\000E\000x\000a\000m\000p\000l\000e\000s\000\040\000\050\000c\000o\000n\000t\000i\000n\000u\000e\000d\000\051}{}% 21
\BOOKMARK [2][-]{subsection.10.1}{\376\377\000G\000o\000l\000d\000b\000a\000c\000h\000'\000s\000\040\000C\000o\000n\000j\000e\000c\000t\000u\000r\000e}{section.10}% 22
\BOOKMARK [2][-]{subsection.10.2}{\376\377\000R\000i\000e\000m\000a\000n\000n\000\040\000Z\000e\000t\000a\000\040\000F\000u\000n\000c\000t\000i\000o\000n}{section.10}% 23
\BOOKMARK [2][-]{subsection.10.3}{\376\377\000P\000r\000i\000m\000e\000\040\000N\000u\000m\000b\000e\000r\000\040\000T\000h\000e\000o\000r\000e\000m}{section.10}% 24
\BOOKMARK [2][-]{subsection.10.4}{\376\377\000D\000i\000s\000t\000r\000i\000b\000u\000t\000i\000o\000n\000\040\000o\000f\000\040\000P\000r\000i\000m\000e\000\040\000G\000a\000p\000s}{section.10}% 25
\BOOKMARK [2][-]{subsection.10.5}{\376\377\000H\000a\000r\000d\000y\000-\000L\000i\000t\000t\000l\000e\000w\000o\000o\000d\000\040\000C\000o\000n\000j\000e\000c\000t\000u\000r\000e\000s}{section.10}% 26
\BOOKMARK [2][-]{subsection.10.6}{\376\377\000A\000n\000a\000l\000y\000t\000i\000c\000\040\000N\000u\000m\000b\000e\000r\000\040\000T\000h\000e\000o\000r\000y}{section.10}% 27
\BOOKMARK [2][-]{subsection.10.7}{\376\377\000D\000i\000r\000i\000c\000h\000l\000e\000t\000'\000s\000\040\000T\000h\000e\000o\000r\000e\000m\000\040\000o\000n\000\040\000A\000r\000i\000t\000h\000m\000e\000t\000i\000c\000\040\000P\000r\000o\000g\000r\000e\000s\000s\000i\000o\000n\000s}{section.10}% 28
\BOOKMARK [2][-]{subsection.10.8}{\376\377\000D\000e\000d\000e\000k\000i\000n\000d\000\040\000Z\000e\000t\000a\000\040\000F\000u\000n\000c\000t\000i\000o\000n}{section.10}% 29
\BOOKMARK [2][-]{subsection.10.9}{\376\377\000E\000l\000l\000i\000p\000t\000i\000c\000\040\000C\000u\000r\000v\000e\000s\000\040\000o\000v\000e\000r\000\040\000Q}{section.10}% 30
\BOOKMARK [2][-]{subsection.10.10}{\376\377\000M\000o\000d\000u\000l\000a\000r\000\040\000F\000o\000r\000m\000s\000\040\000a\000n\000d\000\040\000L\000-\000F\000u\000n\000c\000t\000i\000o\000n\000s}{section.10}% 31
\BOOKMARK [2][-]{subsection.10.11}{\376\377\000B\000i\000r\000c\000h\000\040\000a\000n\000d\000\040\000S\000w\000i\000n\000n\000e\000r\000t\000o\000n\000-\000D\000y\000e\000r\000\040\000C\000o\000n\000j\000e\000c\000t\000u\000r\000e}{section.10}% 32
\BOOKMARK [2][-]{subsection.10.12}{\376\377\000A\000B\000C\000\040\000C\000o\000n\000j\000e\000c\000t\000u\000r\000e}{section.10}% 33
\BOOKMARK [2][-]{subsection.10.13}{\376\377\000Q\000u\000a\000d\000r\000a\000t\000i\000c\000\040\000F\000o\000r\000m\000s}{section.10}% 34
\BOOKMARK [2][-]{subsection.10.14}{\376\377\000C\000l\000a\000s\000s\000\040\000N\000u\000m\000b\000e\000r\000s\000\040\000a\000n\000d\000\040\000U\000n\000i\000t\000s}{section.10}% 35
\BOOKMARK [2][-]{subsection.10.15}{\376\377\000L\000-\000f\000u\000n\000c\000t\000i\000o\000n\000s\000\040\000o\000f\000\040\000A\000l\000g\000e\000b\000r\000a\000i\000c\000\040\000N\000u\000m\000b\000e\000r\000\040\000F\000i\000e\000l\000d\000s}{section.10}% 36
\BOOKMARK [2][-]{subsection.10.16}{\376\377\000Q\000u\000a\000d\000r\000a\000t\000i\000c\000\040\000a\000n\000d\000\040\000H\000i\000g\000h\000e\000r\000\040\000R\000e\000c\000i\000p\000r\000o\000c\000i\000t\000y\000\040\000L\000a\000w\000s}{section.10}% 37
\BOOKMARK [2][-]{subsection.10.17}{\376\377\000A\000r\000t\000i\000n\000'\000s\000\040\000C\000o\000n\000j\000e\000c\000t\000u\000r\000e\000\040\000o\000n\000\040\000P\000r\000i\000m\000i\000t\000i\000v\000e\000\040\000R\000o\000o\000t\000s}{section.10}% 38
\BOOKMARK [2][-]{subsection.10.18}{\376\377\000L\000a\000n\000g\000l\000a\000n\000d\000s\000\040\000P\000r\000o\000g\000r\000a\000m}{section.10}% 39
\BOOKMARK [2][-]{subsection.10.19}{\376\377\000A\000l\000g\000e\000b\000r\000a\000i\000c\000\040\000I\000n\000d\000e\000p\000e\000n\000d\000e\000n\000c\000e}{section.10}% 40
\BOOKMARK [2][-]{subsection.10.20}{\376\377\000M\000a\000h\000l\000e\000r\000'\000s\000\040\000M\000e\000t\000h\000o\000d}{section.10}% 41
\BOOKMARK [2][-]{subsection.10.21}{\376\377\000D\000i\000o\000p\000h\000a\000n\000t\000i\000n\000e\000\040\000A\000p\000p\000r\000o\000x\000i\000m\000a\000t\000i\000o\000n}{section.10}% 42
\BOOKMARK [2][-]{subsection.10.22}{\376\377\000T\000r\000a\000n\000s\000c\000e\000n\000d\000e\000n\000t\000a\000l\000\040\000N\000u\000m\000b\000e\000r\000s}{section.10}% 43
\BOOKMARK [2][-]{subsection.10.23}{\376\377\000S\000k\000o\000l\000e\000m\000'\000s\000\040\000P\000r\000o\000b\000l\000e\000m}{section.10}% 44
\BOOKMARK [2][-]{subsection.10.24}{\376\377\000S\000-\000u\000n\000i\000t\000\040\000E\000q\000u\000a\000t\000i\000o\000n\000s}{section.10}% 45
\BOOKMARK [2][-]{subsection.10.25}{\376\377\000E\000x\000p\000o\000n\000e\000n\000t\000i\000a\000l\000\040\000D\000i\000o\000p\000h\000a\000n\000t\000i\000n\000e\000\040\000E\000q\000u\000a\000t\000i\000o\000n\000s}{section.10}% 46
\BOOKMARK [2][-]{subsection.10.26}{\376\377\000S\000o\000l\000v\000i\000n\000g\000\040\000P\000o\000l\000y\000n\000o\000m\000i\000a\000l\000\040\000E\000q\000u\000a\000t\000i\000o\000n\000s\000\040\000i\000n\000\040\000I\000n\000t\000e\000g\000e\000r\000s}{section.10}% 47
\BOOKMARK [2][-]{subsection.10.27}{\376\377\000G\000a\000p\000s\000\040\000B\000e\000t\000w\000e\000e\000n\000\040\000C\000o\000n\000s\000e\000c\000u\000t\000i\000v\000e\000\040\000P\000r\000i\000m\000e\000\040\000P\000o\000w\000e\000r\000s}{section.10}% 48
\BOOKMARK [2][-]{subsection.10.28}{\376\377\000P\000r\000i\000m\000e\000\040\000C\000o\000n\000s\000t\000e\000l\000l\000a\000t\000i\000o\000n\000s}{section.10}% 49
\BOOKMARK [2][-]{subsection.10.29}{\376\377\000P\000r\000i\000m\000e\000\040\000k\000-\000t\000u\000p\000l\000e\000s\000\040\000C\000o\000n\000j\000e\000c\000t\000u\000r\000e}{section.10}% 50
\BOOKMARK [2][-]{subsection.10.30}{\376\377\000A\000u\000t\000o\000m\000o\000r\000p\000h\000i\000c\000\040\000F\000o\000r\000m\000s\000\040\000a\000n\000d\000\040\000R\000e\000p\000r\000e\000s\000e\000n\000t\000a\000t\000i\000o\000n\000s}{section.10}% 51
\BOOKMARK [2][-]{subsection.10.31}{\376\377\000L\000a\000n\000g\000'\000s\000\040\000C\000o\000n\000j\000e\000c\000t\000u\000r\000e\000s}{section.10}% 52
\BOOKMARK [2][-]{subsection.10.32}{\376\377\000S\000u\000b\000c\000o\000n\000v\000e\000x\000i\000t\000y\000\040\000B\000o\000u\000n\000d\000s\000\040\000f\000o\000r\000\040\000L\000-\000f\000u\000n\000c\000t\000i\000o\000n\000s}{section.10}% 53
\BOOKMARK [2][-]{subsection.10.33}{\376\377\000A\000r\000i\000t\000h\000m\000e\000t\000i\000c\000\040\000D\000y\000n\000a\000m\000i\000c\000s}{section.10}% 54
\BOOKMARK [2][-]{subsection.10.34}{\376\377\000S\000u\000m\000s\000\040\000o\000f\000\040\000S\000q\000u\000a\000r\000e\000s\000\040\000a\000n\000d\000\040\000W\000a\000r\000i\000n\000g\000'\000s\000\040\000P\000r\000o\000b\000l\000e\000m}{section.10}% 55
\BOOKMARK [2][-]{subsection.10.35}{\376\377\000A\000r\000i\000t\000h\000m\000e\000t\000i\000c\000\040\000C\000o\000m\000b\000i\000n\000a\000t\000o\000r\000i\000c\000s}{section.10}% 56
